# JRE version: OpenJDK Runtime Environment Temurin-21.0.6+7 (21.0.6+7) (build 21.0.6+7-LTS)
# Java VM: OpenJDK 64-Bit Server VM Temurin-21.0.6+7 (21.0.6+7-LTS, mixed mode, sharing, tiered, compressed oops, compressed class ptrs, parallel gc, windows-amd64)
GC Precious Log:
 CardTable entry size: 512
 CPUs: 8 total, 8 available
 Memory: 16110M
 Large Page Support: Disabled
 NUMA Support: Disabled
 Compressed Oops: Enabled (32-bit)
 Alignments: Space 512K, Generation 512K, Heap 2M
 Heap Min Capacity: 100M
 Heap Initial Capacity: 100M
 Heap Max Capacity: 1G
 Pre-touch: Disabled
 Parallel Workers: 8
Heap:
 PSYoungGen      total 6144K, used 6144K [0x00000000eab00000, 0x00000000ebc00000, 0x0000000100000000)
  eden space 3072K, 100% used [0x00000000eab00000,0x00000000eae00000,0x00000000eae00000)
  from space 3072K, 100% used [0x00000000eae00000,0x00000000eb100000,0x00000000eb100000)
  to   space 6656K, 47% used [0x00000000eb580000,0x00000000eb890000,0x00000000ebc00000)
 ParOldGen       total 359936K, used 359698K [0x00000000c0000000, 0x00000000d5f80000, 0x00000000eab00000)
  object space 359936K, 99% used [0x00000000c0000000,0x00000000d5f449c0,0x00000000d5f80000)
 Metaspace       used 77625K, committed 79168K, reserved 1179648K
  class space    used 8086K, committed 8768K, reserved 1048576K
GC Heap History (20 events):
Event: 105.325 GC heap after
{Heap after GC invocations=272 (full 3):
 PSYoungGen      total 3584K, used 192K [0x00000000eab00000, 0x00000000eaf00000, 0x0000000100000000)
  eden space 3072K, 0% used [0x00000000eab00000,0x00000000eab00000,0x00000000eae00000)
  from space 512K, 37% used [0x00000000eae00000,0x00000000eae30000,0x00000000eae80000)
  to   space 512K, 0% used [0x00000000eae80000,0x00000000eae80000,0x00000000eaf00000)
 ParOldGen       total 349696K, used 349407K [0x00000000c0000000, 0x00000000d5580000, 0x00000000eab00000)
  object space 349696K, 99% used [0x00000000c0000000,0x00000000d5537d60,0x00000000d5580000)
 Metaspace       used 77304K, committed 78848K, reserved 1179648K
  class space    used 8045K, committed 8704K, reserved 1048576K
}
Event: 105.334 GC heap before
{Heap before GC invocations=273 (full 3):
 PSYoungGen      total 3584K, used 3251K [0x00000000eab00000, 0x00000000eaf00000, 0x0000000100000000)
  eden space 3072K, 99% used [0x00000000eab00000,0x00000000eadfce58,0x00000000eae00000)
  from space 512K, 37% used [0x00000000eae00000,0x00000000eae30000,0x00000000eae80000)
  to   space 512K, 0% used [0x00000000eae80000,0x00000000eae80000,0x00000000eaf00000)
 ParOldGen       total 349696K, used 349407K [0x00000000c0000000, 0x00000000d5580000, 0x00000000eab00000)
  object space 349696K, 99% used [0x00000000c0000000,0x00000000d5537d60,0x00000000d5580000)
 Metaspace       used 77309K, committed 78848K, reserved 1179648K
  class space    used 8046K, committed 8704K, reserved 1048576K
}
Event: 105.335 GC heap after
{Heap after GC invocations=273 (full 3):
 PSYoungGen      total 3584K, used 408K [0x00000000eab00000, 0x00000000eaf00000, 0x0000000100000000)
  eden space 3072K, 0% used [0x00000000eab00000,0x00000000eab00000,0x00000000eae00000)
  from space 512K, 79% used [0x00000000eae80000,0x00000000eaee6248,0x00000000eaf00000)
  to   space 512K, 0% used [0x00000000eae00000,0x00000000eae00000,0x00000000eae80000)
 ParOldGen       total 349696K, used 349479K [0x00000000c0000000, 0x00000000d5580000, 0x00000000eab00000)
  object space 349696K, 99% used [0x00000000c0000000,0x00000000d5549d60,0x00000000d5580000)
 Metaspace       used 77309K, committed 78848K, reserved 1179648K
  class space    used 8046K, committed 8704K, reserved 1048576K
}
Event: 105.347 GC heap before
{Heap before GC invocations=274 (full 3):
 PSYoungGen      total 3584K, used 3480K [0x00000000eab00000, 0x00000000eaf00000, 0x0000000100000000)
  eden space 3072K, 100% used [0x00000000eab00000,0x00000000eae00000,0x00000000eae00000)
  from space 512K, 79% used [0x00000000eae80000,0x00000000eaee6248,0x00000000eaf00000)
  to   space 512K, 0% used [0x00000000eae00000,0x00000000eae00000,0x00000000eae80000)
 ParOldGen       total 349696K, used 349479K [0x00000000c0000000, 0x00000000d5580000, 0x00000000eab00000)
  object space 349696K, 99% used [0x00000000c0000000,0x00000000d5549d60,0x00000000d5580000)
 Metaspace       used 77338K, committed 78848K, reserved 1179648K
  class space    used 8046K, committed 8704K, reserved 1048576K
}
Event: 105.349 GC heap after
{Heap after GC invocations=274 (full 3):
 PSYoungGen      total 3584K, used 384K [0x00000000eab00000, 0x00000000eaf00000, 0x0000000100000000)
  eden space 3072K, 0% used [0x00000000eab00000,0x00000000eab00000,0x00000000eae00000)
  from space 512K, 75% used [0x00000000eae00000,0x00000000eae60000,0x00000000eae80000)
  to   space 512K, 0% used [0x00000000eae80000,0x00000000eae80000,0x00000000eaf00000)
 ParOldGen       total 349696K, used 349647K [0x00000000c0000000, 0x00000000d5580000, 0x00000000eab00000)
  object space 349696K, 99% used [0x00000000c0000000,0x00000000d5573d60,0x00000000d5580000)
 Metaspace       used 77338K, committed 78848K, reserved 1179648K
  class space    used 8046K, committed 8704K, reserved 1048576K
}
Event: 105.373 GC heap before
{Heap before GC invocations=275 (full 3):
 PSYoungGen      total 3584K, used 3455K [0x00000000eab00000, 0x00000000eaf00000, 0x0000000100000000)
  eden space 3072K, 99% used [0x00000000eab00000,0x00000000eadfffc0,0x00000000eae00000)
  from space 512K, 75% used [0x00000000eae00000,0x00000000eae60000,0x00000000eae80000)
  to   space 512K, 0% used [0x00000000eae80000,0x00000000eae80000,0x00000000eaf00000)
 ParOldGen       total 349696K, used 349647K [0x00000000c0000000, 0x00000000d5580000, 0x00000000eab00000)
  object space 349696K, 99% used [0x00000000c0000000,0x00000000d5573d60,0x00000000d5580000)
 Metaspace       used 77480K, committed 79040K, reserved 1179648K
  class space    used 8069K, committed 8768K, reserved 1048576K
}
Event: 105.374 GC heap after
{Heap after GC invocations=275 (full 3):
 PSYoungGen      total 3584K, used 288K [0x00000000eab00000, 0x00000000eaf00000, 0x0000000100000000)
  eden space 3072K, 0% used [0x00000000eab00000,0x00000000eab00000,0x00000000eae00000)
  from space 512K, 56% used [0x00000000eae80000,0x00000000eaec8000,0x00000000eaf00000)
  to   space 512K, 0% used [0x00000000eae00000,0x00000000eae00000,0x00000000eae80000)
 ParOldGen       total 350208K, used 349879K [0x00000000c0000000, 0x00000000d5600000, 0x00000000eab00000)
  object space 350208K, 99% used [0x00000000c0000000,0x00000000d55add60,0x00000000d5600000)
 Metaspace       used 77480K, committed 79040K, reserved 1179648K
  class space    used 8069K, committed 8768K, reserved 1048576K
}
Event: 105.460 GC heap before
{Heap before GC invocations=276 (full 3):
 PSYoungGen      total 3584K, used 3360K [0x00000000eab00000, 0x00000000eaf00000, 0x0000000100000000)
  eden space 3072K, 100% used [0x00000000eab00000,0x00000000eae00000,0x00000000eae00000)
  from space 512K, 56% used [0x00000000eae80000,0x00000000eaec8000,0x00000000eaf00000)
  to   space 512K, 0% used [0x00000000eae00000,0x00000000eae00000,0x00000000eae80000)
 ParOldGen       total 350208K, used 349879K [0x00000000c0000000, 0x00000000d5600000, 0x00000000eab00000)
  object space 350208K, 99% used [0x00000000c0000000,0x00000000d55add60,0x00000000d5600000)
 Metaspace       used 77620K, committed 79168K, reserved 1179648K
  class space    used 8086K, committed 8768K, reserved 1048576K
}
Event: 105.461 GC heap after
{Heap after GC invocations=276 (full 3):
 PSYoungGen      total 3584K, used 384K [0x00000000eab00000, 0x00000000eaf00000, 0x0000000100000000)
  eden space 3072K, 0% used [0x00000000eab00000,0x00000000eab00000,0x00000000eae00000)
  from space 512K, 75% used [0x00000000eae00000,0x00000000eae60000,0x00000000eae80000)
  to   space 512K, 0% used [0x00000000eae80000,0x00000000eae80000,0x00000000eaf00000)
 ParOldGen       total 350208K, used 350039K [0x00000000c0000000, 0x00000000d5600000, 0x00000000eab00000)
  object space 350208K, 99% used [0x00000000c0000000,0x00000000d55d5d60,0x00000000d5600000)
 Metaspace       used 77620K, committed 79168K, reserved 1179648K
  class space    used 8086K, committed 8768K, reserved 1048576K
}
Event: 105.498 GC heap before
{Heap before GC invocations=277 (full 3):
 PSYoungGen      total 3584K, used 3456K [0x00000000eab00000, 0x00000000eaf00000, 0x0000000100000000)
  eden space 3072K, 100% used [0x00000000eab00000,0x00000000eae00000,0x00000000eae00000)
  from space 512K, 75% used [0x00000000eae00000,0x00000000eae60000,0x00000000eae80000)
  to   space 512K, 0% used [0x00000000eae80000,0x00000000eae80000,0x00000000eaf00000)
 ParOldGen       total 350208K, used 350039K [0x00000000c0000000, 0x00000000d5600000, 0x00000000eab00000)
  object space 350208K, 99% used [0x00000000c0000000,0x00000000d55d5d60,0x00000000d5600000)
 Metaspace       used 77625K, committed 79168K, reserved 1179648K
  class space    used 8086K, committed 8768K, reserved 1048576K
}
Event: 105.500 GC heap after
{Heap after GC invocations=277 (full 3):
 PSYoungGen      total 3072K, used 512K [0x00000000eab00000, 0x00000000eb000000, 0x0000000100000000)
  eden space 2560K, 0% used [0x00000000eab00000,0x00000000eab00000,0x00000000ead80000)
  from space 512K, 100% used [0x00000000eae80000,0x00000000eaf00000,0x00000000eaf00000)
  to   space 1024K, 0% used [0x00000000ead80000,0x00000000ead80000,0x00000000eae80000)
 ParOldGen       total 352256K, used 351378K [0x00000000c0000000, 0x00000000d5800000, 0x00000000eab00000)
  object space 352256K, 99% used [0x00000000c0000000,0x00000000d57249b0,0x00000000d5800000)
 Metaspace       used 77625K, committed 79168K, reserved 1179648K
  class space    used 8086K, committed 8768K, reserved 1048576K
}
Event: 105.503 GC heap before
{Heap before GC invocations=278 (full 3):
 PSYoungGen      total 3072K, used 3072K [0x00000000eab00000, 0x00000000eb000000, 0x0000000100000000)
  eden space 2560K, 100% used [0x00000000eab00000,0x00000000ead80000,0x00000000ead80000)
  from space 512K, 100% used [0x00000000eae80000,0x00000000eaf00000,0x00000000eaf00000)
  to   space 1024K, 0% used [0x00000000ead80000,0x00000000ead80000,0x00000000eae80000)
 ParOldGen       total 352256K, used 351378K [0x00000000c0000000, 0x00000000d5800000, 0x00000000eab00000)
  object space 352256K, 99% used [0x00000000c0000000,0x00000000d57249b0,0x00000000d5800000)
 Metaspace       used 77625K, committed 79168K, reserved 1179648K
  class space    used 8086K, committed 8768K, reserved 1048576K
}
Event: 105.506 GC heap after
{Heap after GC invocations=278 (full 3):
 PSYoungGen      total 3584K, used 1024K [0x00000000eab00000, 0x00000000eb480000, 0x0000000100000000)
  eden space 2560K, 0% used [0x00000000eab00000,0x00000000eab00000,0x00000000ead80000)
  from space 1024K, 100% used [0x00000000ead80000,0x00000000eae80000,0x00000000eae80000)
  to   space 3584K, 0% used [0x00000000eb100000,0x00000000eb100000,0x00000000eb480000)
 ParOldGen       total 353280K, used 353234K [0x00000000c0000000, 0x00000000d5900000, 0x00000000eab00000)
  object space 353280K, 99% used [0x00000000c0000000,0x00000000d58f49c0,0x00000000d5900000)
 Metaspace       used 77625K, committed 79168K, reserved 1179648K
  class space    used 8086K, committed 8768K, reserved 1048576K
}
Event: 105.513 GC heap before
{Heap before GC invocations=279 (full 3):
 PSYoungGen      total 3584K, used 3583K [0x00000000eab00000, 0x00000000eb480000, 0x0000000100000000)
  eden space 2560K, 99% used [0x00000000eab00000,0x00000000ead7ffb8,0x00000000ead80000)
  from space 1024K, 100% used [0x00000000ead80000,0x00000000eae80000,0x00000000eae80000)
  to   space 3584K, 0% used [0x00000000eb100000,0x00000000eb100000,0x00000000eb480000)
 ParOldGen       total 353280K, used 353234K [0x00000000c0000000, 0x00000000d5900000, 0x00000000eab00000)
  object space 353280K, 99% used [0x00000000c0000000,0x00000000d58f49c0,0x00000000d5900000)
 Metaspace       used 77625K, committed 79168K, reserved 1179648K
  class space    used 8086K, committed 8768K, reserved 1048576K
}
Event: 105.517 GC heap after
{Heap after GC invocations=279 (full 3):
 PSYoungGen      total 6144K, used 2656K [0x00000000eab00000, 0x00000000eb400000, 0x0000000100000000)
  eden space 3072K, 0% used [0x00000000eab00000,0x00000000eab00000,0x00000000eae00000)
  from space 3072K, 86% used [0x00000000eb100000,0x00000000eb398000,0x00000000eb400000)
  to   space 3072K, 0% used [0x00000000eae00000,0x00000000eae00000,0x00000000eb100000)
 ParOldGen       total 354304K, used 354298K [0x00000000c0000000, 0x00000000d5a00000, 0x00000000eab00000)
  object space 354304K, 99% used [0x00000000c0000000,0x00000000d59fe9c0,0x00000000d5a00000)
 Metaspace       used 77625K, committed 79168K, reserved 1179648K
  class space    used 8086K, committed 8768K, reserved 1048576K
}
Event: 105.524 GC heap before
{Heap before GC invocations=280 (full 3):
 PSYoungGen      total 6144K, used 5728K [0x00000000eab00000, 0x00000000eb400000, 0x0000000100000000)
  eden space 3072K, 100% used [0x00000000eab00000,0x00000000eae00000,0x00000000eae00000)
  from space 3072K, 86% used [0x00000000eb100000,0x00000000eb398000,0x00000000eb400000)
  to   space 3072K, 0% used [0x00000000eae00000,0x00000000eae00000,0x00000000eb100000)
 ParOldGen       total 354304K, used 354298K [0x00000000c0000000, 0x00000000d5a00000, 0x00000000eab00000)
  object space 354304K, 99% used [0x00000000c0000000,0x00000000d59fe9c0,0x00000000d5a00000)
 Metaspace       used 77625K, committed 79168K, reserved 1179648K
  class space    used 8086K, committed 8768K, reserved 1048576K
}
Event: 105.528 GC heap after
{Heap after GC invocations=280 (full 3):
 PSYoungGen      total 6144K, used 3072K [0x00000000eab00000, 0x00000000ebc00000, 0x0000000100000000)
  eden space 3072K, 0% used [0x00000000eab00000,0x00000000eab00000,0x00000000eae00000)
  from space 3072K, 100% used [0x00000000eae00000,0x00000000eb100000,0x00000000eb100000)
  to   space 6656K, 0% used [0x00000000eb580000,0x00000000eb580000,0x00000000ebc00000)
 ParOldGen       total 357376K, used 356890K [0x00000000c0000000, 0x00000000d5d00000, 0x00000000eab00000)
  object space 357376K, 99% used [0x00000000c0000000,0x00000000d5c869c0,0x00000000d5d00000)
 Metaspace       used 77625K, committed 79168K, reserved 1179648K
  class space    used 8086K, committed 8768K, reserved 1048576K
}
Event: 105.536 GC heap before
{Heap before GC invocations=281 (full 3):
 PSYoungGen      total 6144K, used 6144K [0x00000000eab00000, 0x00000000ebc00000, 0x0000000100000000)
  eden space 3072K, 100% used [0x00000000eab00000,0x00000000eae00000,0x00000000eae00000)
  from space 3072K, 100% used [0x00000000eae00000,0x00000000eb100000,0x00000000eb100000)
  to   space 6656K, 0% used [0x00000000eb580000,0x00000000eb580000,0x00000000ebc00000)
 ParOldGen       total 357376K, used 356890K [0x00000000c0000000, 0x00000000d5d00000, 0x00000000eab00000)
  object space 357376K, 99% used [0x00000000c0000000,0x00000000d5c869c0,0x00000000d5d00000)
 Metaspace       used 77625K, committed 79168K, reserved 1179648K
  class space    used 8086K, committed 8768K, reserved 1048576K
}
Event: 105.541 GC heap after
{Heap after GC invocations=281 (full 3):
 PSYoungGen      total 6144K, used 6144K [0x00000000eab00000, 0x00000000ebc00000, 0x0000000100000000)
  eden space 3072K, 100% used [0x00000000eab00000,0x00000000eae00000,0x00000000eae00000)
  from space 3072K, 100% used [0x00000000eae00000,0x00000000eb100000,0x00000000eb100000)
  to   space 6656K, 47% used [0x00000000eb580000,0x00000000eb890000,0x00000000ebc00000)
 ParOldGen       total 359936K, used 359698K [0x00000000c0000000, 0x00000000d5f80000, 0x00000000eab00000)
  object space 359936K, 99% used [0x00000000c0000000,0x00000000d5f449c0,0x00000000d5f80000)
 Metaspace       used 77625K, committed 79168K, reserved 1179648K
  class space    used 8086K, committed 8768K, reserved 1048576K
}
Event: 105.541 GC heap before
{Heap before GC invocations=282 (full 4):
 PSYoungGen      total 6144K, used 6144K [0x00000000eab00000, 0x00000000ebc00000, 0x0000000100000000)
  eden space 3072K, 100% used [0x00000000eab00000,0x00000000eae00000,0x00000000eae00000)
  from space 3072K, 100% used [0x00000000eae00000,0x00000000eb100000,0x00000000eb100000)
  to   space 6656K, 47% used [0x00000000eb580000,0x00000000eb890000,0x00000000ebc00000)
 ParOldGen       total 359936K, used 359698K [0x00000000c0000000, 0x00000000d5f80000, 0x00000000eab00000)
  object space 359936K, 99% used [0x00000000c0000000,0x00000000d5f449c0,0x00000000d5f80000)
 Metaspace       used 77625K, committed 79168K, reserved 1179648K
  class space    used 8086K, committed 8768K, reserved 1048576K
}

