# JRE version: OpenJDK Runtime Environment Temurin-21.0.6+7 (21.0.6+7) (build 21.0.6+7-LTS)
# Java VM: OpenJDK 64-Bit Server VM Temurin-21.0.6+7 (21.0.6+7-LTS, mixed mode, sharing, tiered, compressed oops, compressed class ptrs, parallel gc, windows-amd64)
GC Precious Log:
 CardTable entry size: 512
 CPUs: 8 total, 8 available
 Memory: 16110M
 Large Page Support: Disabled
 NUMA Support: Disabled
 Compressed Oops: Enabled (32-bit)
 Alignments: Space 512K, Generation 512K, Heap 2M
 Heap Min Capacity: 100M
 Heap Initial Capacity: 100M
 Heap Max Capacity: 1G
 Pre-touch: Disabled
 Parallel Workers: 8
Heap:
 PSYoungGen      total 5632K, used 3566K [0x00000000eab00000, 0x00000000eb300000, 0x0000000100000000)
  eden space 5120K, 64% used [0x00000000eab00000,0x00000000eae366d0,0x00000000eb000000)
  from space 512K, 54% used [0x00000000eb280000,0x00000000eb2c54b0,0x00000000eb300000)
  to   space 1024K, 0% used [0x00000000eb100000,0x00000000eb100000,0x00000000eb200000)
 ParOldGen       total 203264K, used 202867K [0x00000000c0000000, 0x00000000cc680000, 0x00000000eab00000)
  object space 203264K, 99% used [0x00000000c0000000,0x00000000cc61cd00,0x00000000cc680000)
 Metaspace       used 68891K, committed 70528K, reserved 1114112K
  class space    used 6930K, committed 7680K, reserved 1048576K
GC Heap History (20 events):
Event: 96.550 GC heap before
{Heap before GC invocations=132 (full 3):
 PSYoungGen      total 5632K, used 5631K [0x00000000eab00000, 0x00000000eb380000, 0x0000000100000000)
  eden space 5120K, 99% used [0x00000000eab00000,0x00000000eafffff8,0x00000000eb000000)
  from space 512K, 100% used [0x00000000eb300000,0x00000000eb380000,0x00000000eb380000)
  to   space 1024K, 0% used [0x00000000eb180000,0x00000000eb180000,0x00000000eb280000)
 ParOldGen       total 197120K, used 196675K [0x00000000c0000000, 0x00000000cc080000, 0x00000000eab00000)
  object space 197120K, 99% used [0x00000000c0000000,0x00000000cc010db8,0x00000000cc080000)
 Metaspace       used 68260K, committed 69888K, reserved 1114112K
  class space    used 6898K, committed 7616K, reserved 1048576K
}
Event: 96.556 GC heap after
{Heap after GC invocations=132 (full 3):
 PSYoungGen      total 6144K, used 1008K [0x00000000eab00000, 0x00000000eb400000, 0x0000000100000000)
  eden space 5120K, 0% used [0x00000000eab00000,0x00000000eab00000,0x00000000eb000000)
  from space 1024K, 98% used [0x00000000eb180000,0x00000000eb27c010,0x00000000eb280000)
  to   space 1536K, 0% used [0x00000000eb280000,0x00000000eb280000,0x00000000eb400000)
 ParOldGen       total 197632K, used 197235K [0x00000000c0000000, 0x00000000cc100000, 0x00000000eab00000)
  object space 197632K, 99% used [0x00000000c0000000,0x00000000cc09cde8,0x00000000cc100000)
 Metaspace       used 68260K, committed 69888K, reserved 1114112K
  class space    used 6898K, committed 7616K, reserved 1048576K
}
Event: 96.695 GC heap before
{Heap before GC invocations=133 (full 3):
 PSYoungGen      total 6144K, used 6128K [0x00000000eab00000, 0x00000000eb400000, 0x0000000100000000)
  eden space 5120K, 100% used [0x00000000eab00000,0x00000000eb000000,0x00000000eb000000)
  from space 1024K, 98% used [0x00000000eb180000,0x00000000eb27c010,0x00000000eb280000)
  to   space 1536K, 0% used [0x00000000eb280000,0x00000000eb280000,0x00000000eb400000)
 ParOldGen       total 197632K, used 197235K [0x00000000c0000000, 0x00000000cc100000, 0x00000000eab00000)
  object space 197632K, 99% used [0x00000000c0000000,0x00000000cc09cde8,0x00000000cc100000)
 Metaspace       used 68297K, committed 69888K, reserved 1114112K
  class space    used 6898K, committed 7616K, reserved 1048576K
}
Event: 96.699 GC heap after
{Heap after GC invocations=133 (full 3):
 PSYoungGen      total 6144K, used 612K [0x00000000eab00000, 0x00000000eb380000, 0x0000000100000000)
  eden space 5120K, 0% used [0x00000000eab00000,0x00000000eab00000,0x00000000eb000000)
  from space 1024K, 59% used [0x00000000eb280000,0x00000000eb319210,0x00000000eb380000)
  to   space 1024K, 0% used [0x00000000eb180000,0x00000000eb180000,0x00000000eb280000)
 ParOldGen       total 198656K, used 198174K [0x00000000c0000000, 0x00000000cc200000, 0x00000000eab00000)
  object space 198656K, 99% used [0x00000000c0000000,0x00000000cc187b80,0x00000000cc200000)
 Metaspace       used 68297K, committed 69888K, reserved 1114112K
  class space    used 6898K, committed 7616K, reserved 1048576K
}
Event: 96.757 GC heap before
{Heap before GC invocations=134 (full 3):
 PSYoungGen      total 6144K, used 5732K [0x00000000eab00000, 0x00000000eb380000, 0x0000000100000000)
  eden space 5120K, 100% used [0x00000000eab00000,0x00000000eb000000,0x00000000eb000000)
  from space 1024K, 59% used [0x00000000eb280000,0x00000000eb319210,0x00000000eb380000)
  to   space 1024K, 0% used [0x00000000eb180000,0x00000000eb180000,0x00000000eb280000)
 ParOldGen       total 198656K, used 198174K [0x00000000c0000000, 0x00000000cc200000, 0x00000000eab00000)
  object space 198656K, 99% used [0x00000000c0000000,0x00000000cc187b80,0x00000000cc200000)
 Metaspace       used 68328K, committed 69952K, reserved 1114112K
  class space    used 6898K, committed 7616K, reserved 1048576K
}
Event: 96.761 GC heap after
{Heap after GC invocations=134 (full 3):
 PSYoungGen      total 6144K, used 784K [0x00000000eab00000, 0x00000000eb300000, 0x0000000100000000)
  eden space 5120K, 0% used [0x00000000eab00000,0x00000000eab00000,0x00000000eb000000)
  from space 1024K, 76% used [0x00000000eb180000,0x00000000eb244010,0x00000000eb280000)
  to   space 512K, 0% used [0x00000000eb280000,0x00000000eb280000,0x00000000eb300000)
 ParOldGen       total 198656K, used 198630K [0x00000000c0000000, 0x00000000cc200000, 0x00000000eab00000)
  object space 198656K, 99% used [0x00000000c0000000,0x00000000cc1f9948,0x00000000cc200000)
 Metaspace       used 68328K, committed 69952K, reserved 1114112K
  class space    used 6898K, committed 7616K, reserved 1048576K
}
Event: 96.857 GC heap before
{Heap before GC invocations=135 (full 3):
 PSYoungGen      total 6144K, used 5903K [0x00000000eab00000, 0x00000000eb300000, 0x0000000100000000)
  eden space 5120K, 99% used [0x00000000eab00000,0x00000000eaffffe8,0x00000000eb000000)
  from space 1024K, 76% used [0x00000000eb180000,0x00000000eb244010,0x00000000eb280000)
  to   space 512K, 0% used [0x00000000eb280000,0x00000000eb280000,0x00000000eb300000)
 ParOldGen       total 198656K, used 198630K [0x00000000c0000000, 0x00000000cc200000, 0x00000000eab00000)
  object space 198656K, 99% used [0x00000000c0000000,0x00000000cc1f9948,0x00000000cc200000)
 Metaspace       used 68359K, committed 69952K, reserved 1114112K
  class space    used 6898K, committed 7616K, reserved 1048576K
}
Event: 96.861 GC heap after
{Heap after GC invocations=135 (full 3):
 PSYoungGen      total 5632K, used 496K [0x00000000eab00000, 0x00000000eb400000, 0x0000000100000000)
  eden space 5120K, 0% used [0x00000000eab00000,0x00000000eab00000,0x00000000eb000000)
  from space 512K, 96% used [0x00000000eb280000,0x00000000eb2fc010,0x00000000eb300000)
  to   space 2048K, 0% used [0x00000000eb000000,0x00000000eb000000,0x00000000eb200000)
 ParOldGen       total 200192K, used 199728K [0x00000000c0000000, 0x00000000cc380000, 0x00000000eab00000)
  object space 200192K, 99% used [0x00000000c0000000,0x00000000cc30c028,0x00000000cc380000)
 Metaspace       used 68359K, committed 69952K, reserved 1114112K
  class space    used 6898K, committed 7616K, reserved 1048576K
}
Event: 96.916 GC heap before
{Heap before GC invocations=136 (full 3):
 PSYoungGen      total 5632K, used 5616K [0x00000000eab00000, 0x00000000eb400000, 0x0000000100000000)
  eden space 5120K, 100% used [0x00000000eab00000,0x00000000eb000000,0x00000000eb000000)
  from space 512K, 96% used [0x00000000eb280000,0x00000000eb2fc010,0x00000000eb300000)
  to   space 2048K, 0% used [0x00000000eb000000,0x00000000eb000000,0x00000000eb200000)
 ParOldGen       total 200192K, used 199728K [0x00000000c0000000, 0x00000000cc380000, 0x00000000eab00000)
  object space 200192K, 99% used [0x00000000c0000000,0x00000000cc30c028,0x00000000cc380000)
 Metaspace       used 68390K, committed 70016K, reserved 1114112K
  class space    used 6900K, committed 7616K, reserved 1048576K
}
Event: 96.919 GC heap after
{Heap after GC invocations=136 (full 3):
 PSYoungGen      total 7168K, used 554K [0x00000000eab00000, 0x00000000eb300000, 0x0000000100000000)
  eden space 5120K, 0% used [0x00000000eab00000,0x00000000eab00000,0x00000000eb000000)
  from space 2048K, 27% used [0x00000000eb000000,0x00000000eb08a910,0x00000000eb200000)
  to   space 1024K, 0% used [0x00000000eb200000,0x00000000eb200000,0x00000000eb300000)
 ParOldGen       total 200704K, used 200224K [0x00000000c0000000, 0x00000000cc400000, 0x00000000eab00000)
  object space 200704K, 99% used [0x00000000c0000000,0x00000000cc388028,0x00000000cc400000)
 Metaspace       used 68390K, committed 70016K, reserved 1114112K
  class space    used 6900K, committed 7616K, reserved 1048576K
}
Event: 97.052 GC heap before
{Heap before GC invocations=137 (full 3):
 PSYoungGen      total 7168K, used 5674K [0x00000000eab00000, 0x00000000eb300000, 0x0000000100000000)
  eden space 5120K, 100% used [0x00000000eab00000,0x00000000eb000000,0x00000000eb000000)
  from space 2048K, 27% used [0x00000000eb000000,0x00000000eb08a910,0x00000000eb200000)
  to   space 1024K, 0% used [0x00000000eb200000,0x00000000eb200000,0x00000000eb300000)
 ParOldGen       total 200704K, used 200224K [0x00000000c0000000, 0x00000000cc400000, 0x00000000eab00000)
  object space 200704K, 99% used [0x00000000c0000000,0x00000000cc388028,0x00000000cc400000)
 Metaspace       used 68470K, committed 70080K, reserved 1114112K
  class space    used 6901K, committed 7616K, reserved 1048576K
}
Event: 97.056 GC heap after
{Heap after GC invocations=137 (full 3):
 PSYoungGen      total 5632K, used 320K [0x00000000eab00000, 0x00000000eb280000, 0x0000000100000000)
  eden space 5120K, 0% used [0x00000000eab00000,0x00000000eab00000,0x00000000eb000000)
  from space 512K, 62% used [0x00000000eb200000,0x00000000eb250000,0x00000000eb280000)
  to   space 512K, 0% used [0x00000000eb180000,0x00000000eb180000,0x00000000eb200000)
 ParOldGen       total 200704K, used 200628K [0x00000000c0000000, 0x00000000cc400000, 0x00000000eab00000)
  object space 200704K, 99% used [0x00000000c0000000,0x00000000cc3ed258,0x00000000cc400000)
 Metaspace       used 68470K, committed 70080K, reserved 1114112K
  class space    used 6901K, committed 7616K, reserved 1048576K
}
Event: 97.166 GC heap before
{Heap before GC invocations=138 (full 3):
 PSYoungGen      total 5632K, used 5440K [0x00000000eab00000, 0x00000000eb280000, 0x0000000100000000)
  eden space 5120K, 100% used [0x00000000eab00000,0x00000000eb000000,0x00000000eb000000)
  from space 512K, 62% used [0x00000000eb200000,0x00000000eb250000,0x00000000eb280000)
  to   space 512K, 0% used [0x00000000eb180000,0x00000000eb180000,0x00000000eb200000)
 ParOldGen       total 200704K, used 200628K [0x00000000c0000000, 0x00000000cc400000, 0x00000000eab00000)
  object space 200704K, 99% used [0x00000000c0000000,0x00000000cc3ed258,0x00000000cc400000)
 Metaspace       used 68521K, committed 70144K, reserved 1114112K
  class space    used 6901K, committed 7616K, reserved 1048576K
}
Event: 97.169 GC heap after
{Heap after GC invocations=138 (full 3):
 PSYoungGen      total 5632K, used 512K [0x00000000eab00000, 0x00000000eb300000, 0x0000000100000000)
  eden space 5120K, 0% used [0x00000000eab00000,0x00000000eab00000,0x00000000eb000000)
  from space 512K, 100% used [0x00000000eb180000,0x00000000eb200000,0x00000000eb200000)
  to   space 1024K, 0% used [0x00000000eb200000,0x00000000eb200000,0x00000000eb300000)
 ParOldGen       total 201216K, used 201058K [0x00000000c0000000, 0x00000000cc480000, 0x00000000eab00000)
  object space 201216K, 99% used [0x00000000c0000000,0x00000000cc458818,0x00000000cc480000)
 Metaspace       used 68521K, committed 70144K, reserved 1114112K
  class space    used 6901K, committed 7616K, reserved 1048576K
}
Event: 97.394 GC heap before
{Heap before GC invocations=139 (full 3):
 PSYoungGen      total 5632K, used 5632K [0x00000000eab00000, 0x00000000eb300000, 0x0000000100000000)
  eden space 5120K, 100% used [0x00000000eab00000,0x00000000eb000000,0x00000000eb000000)
  from space 512K, 100% used [0x00000000eb180000,0x00000000eb200000,0x00000000eb200000)
  to   space 1024K, 0% used [0x00000000eb200000,0x00000000eb200000,0x00000000eb300000)
 ParOldGen       total 201216K, used 201058K [0x00000000c0000000, 0x00000000cc480000, 0x00000000eab00000)
  object space 201216K, 99% used [0x00000000c0000000,0x00000000cc458818,0x00000000cc480000)
 Metaspace       used 68661K, committed 70272K, reserved 1114112K
  class space    used 6905K, committed 7616K, reserved 1048576K
}
Event: 97.397 GC heap after
{Heap after GC invocations=139 (full 3):
 PSYoungGen      total 6144K, used 576K [0x00000000eab00000, 0x00000000eb300000, 0x0000000100000000)
  eden space 5120K, 0% used [0x00000000eab00000,0x00000000eab00000,0x00000000eb000000)
  from space 1024K, 56% used [0x00000000eb200000,0x00000000eb290000,0x00000000eb300000)
  to   space 1024K, 0% used [0x00000000eb100000,0x00000000eb100000,0x00000000eb200000)
 ParOldGen       total 201728K, used 201562K [0x00000000c0000000, 0x00000000cc500000, 0x00000000eab00000)
  object space 201728K, 99% used [0x00000000c0000000,0x00000000cc4d6818,0x00000000cc500000)
 Metaspace       used 68661K, committed 70272K, reserved 1114112K
  class space    used 6905K, committed 7616K, reserved 1048576K
}
Event: 97.589 GC heap before
{Heap before GC invocations=140 (full 3):
 PSYoungGen      total 6144K, used 5574K [0x00000000eab00000, 0x00000000eb300000, 0x0000000100000000)
  eden space 5120K, 97% used [0x00000000eab00000,0x00000000eafe1ad0,0x00000000eb000000)
  from space 1024K, 56% used [0x00000000eb200000,0x00000000eb290000,0x00000000eb300000)
  to   space 1024K, 0% used [0x00000000eb100000,0x00000000eb100000,0x00000000eb200000)
 ParOldGen       total 201728K, used 201562K [0x00000000c0000000, 0x00000000cc500000, 0x00000000eab00000)
  object space 201728K, 99% used [0x00000000c0000000,0x00000000cc4d6818,0x00000000cc500000)
 Metaspace       used 68887K, committed 70528K, reserved 1114112K
  class space    used 6929K, committed 7680K, reserved 1048576K
}
Event: 97.594 GC heap after
{Heap after GC invocations=140 (full 3):
 PSYoungGen      total 6144K, used 1017K [0x00000000eab00000, 0x00000000eb500000, 0x0000000100000000)
  eden space 5120K, 0% used [0x00000000eab00000,0x00000000eab00000,0x00000000eb000000)
  from space 1024K, 99% used [0x00000000eb100000,0x00000000eb1fe550,0x00000000eb200000)
  to   space 2560K, 0% used [0x00000000eb280000,0x00000000eb280000,0x00000000eb500000)
 ParOldGen       total 202752K, used 202579K [0x00000000c0000000, 0x00000000cc600000, 0x00000000eab00000)
  object space 202752K, 99% used [0x00000000c0000000,0x00000000cc5d4ce0,0x00000000cc600000)
 Metaspace       used 68887K, committed 70528K, reserved 1114112K
  class space    used 6929K, committed 7680K, reserved 1048576K
}
Event: 97.737 GC heap before
{Heap before GC invocations=141 (full 3):
 PSYoungGen      total 6144K, used 6135K [0x00000000eab00000, 0x00000000eb500000, 0x0000000100000000)
  eden space 5120K, 99% used [0x00000000eab00000,0x00000000eafffa08,0x00000000eb000000)
  from space 1024K, 99% used [0x00000000eb100000,0x00000000eb1fe550,0x00000000eb200000)
  to   space 2560K, 0% used [0x00000000eb280000,0x00000000eb280000,0x00000000eb500000)
 ParOldGen       total 202752K, used 202579K [0x00000000c0000000, 0x00000000cc600000, 0x00000000eab00000)
  object space 202752K, 99% used [0x00000000c0000000,0x00000000cc5d4ce0,0x00000000cc600000)
 Metaspace       used 68888K, committed 70528K, reserved 1114112K
  class space    used 6929K, committed 7680K, reserved 1048576K
}
Event: 97.740 GC heap after
{Heap after GC invocations=141 (full 3):
 PSYoungGen      total 5632K, used 277K [0x00000000eab00000, 0x00000000eb300000, 0x0000000100000000)
  eden space 5120K, 0% used [0x00000000eab00000,0x00000000eab00000,0x00000000eb000000)
  from space 512K, 54% used [0x00000000eb280000,0x00000000eb2c54b0,0x00000000eb300000)
  to   space 1024K, 0% used [0x00000000eb100000,0x00000000eb100000,0x00000000eb200000)
 ParOldGen       total 203264K, used 202867K [0x00000000c0000000, 0x00000000cc680000, 0x00000000eab00000)
  object space 203264K, 99% used [0x00000000c0000000,0x00000000cc61cd00,0x00000000cc680000)
 Metaspace       used 68888K, committed 70528K, reserved 1114112K
  class space    used 6929K, committed 7680K, reserved 1048576K
}

